  main.cpp
C:\Users\IndianSkibidiRizz\Documents\GitHub\Game-Hacking\AssaultCube\AssaultCube\main.cpp(20,39): warning C4311: 'type cast': pointer truncation from 'BYTE *' to 'DWORD'
C:\Users\IndianSkibidiRizz\Documents\GitHub\Game-Hacking\AssaultCube\AssaultCube\main.cpp(20,39): warning C4302: 'type cast': truncation from 'BYTE *' to 'DWORD'
C:\Users\IndianSkibidiRizz\Documents\GitHub\Game-Hacking\AssaultCube\AssaultCube\main.cpp(59,42): warning C4312: 'type cast': conversion from 'DWORD' to 'LPVOID' of greater size
C:\Users\IndianSkibidiRizz\Documents\GitHub\Game-Hacking\AssaultCube\AssaultCube\main.cpp(63,47): warning C4312: 'type cast': conversion from 'DWORD' to 'LPVOID' of greater size
C:\Users\IndianSkibidiRizz\Documents\GitHub\Game-Hacking\AssaultCube\AssaultCube\main.cpp(95,38): warning C4312: 'type cast': conversion from 'unsigned long' to 'LPVOID' of greater size
C:\Users\IndianSkibidiRizz\Documents\GitHub\Game-Hacking\AssaultCube\AssaultCube\main.cpp(118,47): warning C4312: 'type cast': conversion from 'DWORD' to 'LPVOID' of greater size
C:\Users\IndianSkibidiRizz\Documents\GitHub\Game-Hacking\AssaultCube\AssaultCube\main.cpp(127,47): warning C4312: 'type cast': conversion from 'DWORD' to 'LPVOID' of greater size
C:\Users\IndianSkibidiRizz\Documents\GitHub\Game-Hacking\AssaultCube\AssaultCube\main.cpp(136,47): warning C4312: 'type cast': conversion from 'DWORD' to 'LPVOID' of greater size
C:\Users\IndianSkibidiRizz\Documents\GitHub\Game-Hacking\AssaultCube\AssaultCube\main.cpp(145,47): warning C4312: 'type cast': conversion from 'DWORD' to 'LPVOID' of greater size
C:\Users\IndianSkibidiRizz\Documents\GitHub\Game-Hacking\AssaultCube\AssaultCube\main.cpp(154,47): warning C4312: 'type cast': conversion from 'DWORD' to 'LPVOID' of greater size
C:\Users\IndianSkibidiRizz\Documents\GitHub\Game-Hacking\AssaultCube\AssaultCube\main.cpp(163,47): warning C4312: 'type cast': conversion from 'DWORD' to 'LPVOID' of greater size
C:\Users\IndianSkibidiRizz\Documents\GitHub\Game-Hacking\AssaultCube\AssaultCube\main.cpp(178,58): warning C4312: 'type cast': conversion from 'DWORD' to 'LPVOID' of greater size
C:\Users\IndianSkibidiRizz\Documents\GitHub\Game-Hacking\AssaultCube\AssaultCube\main.cpp(181,63): warning C4312: 'type cast': conversion from 'DWORD' to 'LPVOID' of greater size
  Generating code
  1 of 113 functions ( 0.9%) were compiled, the rest were copied from previous compilation.
    0 functions were new in current compilation
    2 functions had inline decision re-evaluated but remain unchanged
  Finished generating code
  AssaultCube.vcxproj -> C:\Users\IndianSkibidiRizz\Documents\GitHub\Game-Hacking\AssaultCube\x64\Release\AssaultCube.exe
