  main.cpp
C:\Users\IndianSkibidiRizz\Documents\GitHub\Game-Hacking\AssaultingTheCube\AssaultCube\main.cpp(18,39): warning C4311: 'type cast': pointer truncation from 'BYTE *' to 'DWORD'
C:\Users\IndianSkibidiRizz\Documents\GitHub\Game-Hacking\AssaultingTheCube\AssaultCube\main.cpp(18,39): warning C4302: 'type cast': truncation from 'BYTE *' to 'DWORD'
C:\Users\IndianSkibidiRizz\Documents\GitHub\Game-Hacking\AssaultingTheCube\AssaultCube\main.cpp(82,38): warning C4312: 'type cast': conversion from 'unsigned long' to 'LPVOID' of greater size
C:\Users\IndianSkibidiRizz\Documents\GitHub\Game-Hacking\AssaultingTheCube\AssaultCube\main.cpp(101,42): warning C4312: 'type cast': conversion from 'DWORD' to 'LPVOID' of greater size
C:\Users\IndianSkibidiRizz\Documents\GitHub\Game-Hacking\AssaultingTheCube\AssaultCube\main.cpp(104,42): warning C4312: 'type cast': conversion from 'DWORD' to 'LPVOID' of greater size
C:\Users\IndianSkibidiRizz\Documents\GitHub\Game-Hacking\AssaultingTheCube\AssaultCube\main.cpp(107,42): warning C4312: 'type cast': conversion from 'DWORD' to 'LPVOID' of greater size
C:\Users\IndianSkibidiRizz\Documents\GitHub\Game-Hacking\AssaultingTheCube\AssaultCube\main.cpp(110,42): warning C4312: 'type cast': conversion from 'DWORD' to 'LPVOID' of greater size
C:\Users\IndianSkibidiRizz\Documents\GitHub\Game-Hacking\AssaultingTheCube\AssaultCube\main.cpp(113,42): warning C4312: 'type cast': conversion from 'DWORD' to 'LPVOID' of greater size
C:\Users\IndianSkibidiRizz\Documents\GitHub\Game-Hacking\AssaultingTheCube\AssaultCube\main.cpp(116,42): warning C4312: 'type cast': conversion from 'DWORD' to 'LPVOID' of greater size
C:\Users\IndianSkibidiRizz\Documents\GitHub\Game-Hacking\AssaultingTheCube\AssaultCube\main.cpp(119,42): warning C4312: 'type cast': conversion from 'DWORD' to 'LPVOID' of greater size
C:\Users\IndianSkibidiRizz\Documents\GitHub\Game-Hacking\AssaultingTheCube\AssaultCube\main.cpp(131,47): warning C4312: 'type cast': conversion from 'DWORD' to 'LPVOID' of greater size
C:\Users\IndianSkibidiRizz\Documents\GitHub\Game-Hacking\AssaultingTheCube\AssaultCube\main.cpp(139,47): warning C4312: 'type cast': conversion from 'DWORD' to 'LPVOID' of greater size
C:\Users\IndianSkibidiRizz\Documents\GitHub\Game-Hacking\AssaultingTheCube\AssaultCube\main.cpp(147,47): warning C4312: 'type cast': conversion from 'DWORD' to 'LPVOID' of greater size
C:\Users\IndianSkibidiRizz\Documents\GitHub\Game-Hacking\AssaultingTheCube\AssaultCube\main.cpp(155,47): warning C4312: 'type cast': conversion from 'DWORD' to 'LPVOID' of greater size
C:\Users\IndianSkibidiRizz\Documents\GitHub\Game-Hacking\AssaultingTheCube\AssaultCube\main.cpp(163,47): warning C4312: 'type cast': conversion from 'DWORD' to 'LPVOID' of greater size
C:\Users\IndianSkibidiRizz\Documents\GitHub\Game-Hacking\AssaultingTheCube\AssaultCube\main.cpp(171,47): warning C4312: 'type cast': conversion from 'DWORD' to 'LPVOID' of greater size
C:\Users\IndianSkibidiRizz\Documents\GitHub\Game-Hacking\AssaultingTheCube\AssaultCube\main.cpp(182,58): warning C4312: 'type cast': conversion from 'DWORD' to 'LPVOID' of greater size
C:\Users\IndianSkibidiRizz\Documents\GitHub\Game-Hacking\AssaultingTheCube\AssaultCube\main.cpp(186,63): warning C4312: 'type cast': conversion from 'DWORD' to 'LPVOID' of greater size
  Generating code
  2 of 113 functions ( 1.8%) were compiled, the rest were copied from previous compilation.
    1 functions were new in current compilation
    0 functions had inline decision re-evaluated but remain unchanged
  Finished generating code
  AssaultCube.vcxproj -> C:\Users\IndianSkibidiRizz\Documents\GitHub\Game-Hacking\AssaultingTheCube\x64\Release\AssaultCube.exe
